int i = 47;
double f = 2300114.414159;
T.setf(ios_base::unitbuf);
T.setf(ios_base::showbase);
T.setf(ios_base::uppercase | ios_base::showpos);
T << i << endl;
+47
T.setf(ios_base::hex, ios_base::basefield);
T << i << endl;
0X2F
T.setf(ios_base::oct, ios_base::basefield);
T << i << endl;
057
T.unsetf(ios_base::showbase);
T.setf(ios_base::dec, ios_base::basefield);
T.setf(ios::left, ios_base::adjustfield);
T.fill('0');
T<<"fill char:" << T.fill() <<endl;
fill char:0
T.width(10);
+470000000
T.setf(ios_base::right, ios_base::adjustfield);
T.width(10);
0000000+47
T << i << endl;
+47
T.unsetf(ios_base::showpos);
T.setf(ios_base::showpoint);
T<<"prec = "<< T.precision()<<endl;
prec = 6
T.setf(ios_base::scientific, ios_base::floatfield);
T<< endl << f<< endl;

2.300114E+006
T.unsetf(ios_base::uppercase);
T<< endl << f << endl;

2.300114e+006
T.setf(ios_base::fixed, ios::floatfield);
T<<f<<endl;
2300114.414159
T.precision(20);
T<<"prec = "<<T.precision()<<endl;
prec = 20
T<<endl<<f<<endl;

2300114.41415899990000000000
T.setf(ios_base::scientific, ios_base::floatfield);
T<< endl << f << endl;

2.30011441415899990000e+006
T.setf(ios_base::fixed, ios_base::floatfield);
T<< f<< endl;
2300114.41415899990000000000
T.width(10);
Is there any more?
T.width(40);
0000000000000000000000Is there any more?
T.setf(ios_base::left, ios_base::adjustfield);
T.width(40);
Is there any more?0000000000000000000000
